Flutter crash report.
Please report a bug at https://github.com/flutter/flutter/issues.

## command

flutter run -d chrome --web-browser-flag --disable-web-security

## exception

FormatException: FormatException: Missing extension byte (at offset 7)

```
#0      _Utf8Decoder.convertChunked (dart:convert-patch/convert_patch.dart:1964:7)
#1      _Utf8ConversionSink.addSlice (dart:convert/string_conversion.dart:313:28)
#2      _Utf8ConversionSink.add (dart:convert/string_conversion.dart:309:5)
#3      _ConverterStreamEventSink.add (dart:convert/chunked_conversion.dart:70:18)
#4      _SinkTransformerStreamSubscription._handleData (dart:async/stream_transformers.dart:115:24)
#5      _rootRunUnary (dart:async/zone_root.dart:48:47)
#6      _CustomZone.runUnary (dart:async/zone.dart:733:19)
#7      _CustomZone.runUnaryGuarded (dart:async/zone.dart:633:7)
#8      _BufferingStreamSubscription._sendData (dart:async/stream_impl.dart:381:11)
#9      _BufferingStreamSubscription._add (dart:async/stream_impl.dart:312:7)
#10     _SyncStreamControllerDispatch._sendData (dart:async/stream_controller.dart:798:19)
#11     _StreamController._add (dart:async/stream_controller.dart:663:7)
#12     _StreamController.add (dart:async/stream_controller.dart:618:5)
#13     _Socket._onData (dart:io-patch/socket_patch.dart:2874:41)
#14     _rootRunUnary (dart:async/zone_root.dart:56:13)
#15     _CustomZone.runUnary (dart:async/zone.dart:733:19)
#16     _CustomZone.runUnaryGuarded (dart:async/zone.dart:633:7)
#17     _BufferingStreamSubscription._sendData (dart:async/stream_impl.dart:381:11)
#18     _BufferingStreamSubscription._add (dart:async/stream_impl.dart:312:7)
#19     _SyncStreamControllerDispatch._sendData (dart:async/stream_controller.dart:798:19)
#20     _StreamController._add (dart:async/stream_controller.dart:663:7)
#21     _StreamController.add (dart:async/stream_controller.dart:618:5)
#22     new _RawSocket.<anonymous closure> (dart:io-patch/socket_patch.dart:2312:31)
#23     _NativeSocket.issueReadEvent.issue (dart:io-patch/socket_patch.dart:1647:14)
#24     _microtaskLoop (dart:async/schedule_microtask.dart:40:35)
#25     _startMicrotaskLoop (dart:async/schedule_microtask.dart:49:5)
#26     _runPendingImmediateCallback (dart:isolate-patch/isolate_patch.dart:127:13)
#27     _RawReceivePort._handleMessage (dart:isolate-patch/isolate_patch.dart:193:5)
```

## flutter doctor

```
[32m[‚úď][39m Flutter (Channel stable, 3.44.0, on Ubuntu 24.04.1 LTS
    4.4.0-19041-Microsoft, locale C.UTF-8) [149ms]
    [32m‚ÄĘ[39m Flutter version 3.44.0 on channel stable at
      /home/oreip/development/flutter
    [32m‚ÄĘ[39m Upstream repository https://github.com/flutter/flutter.git
    [32m‚ÄĘ[39m Framework revision 559ffa3f75 (12 days ago), 2026-05-15 14:13:13 -0700
    [32m‚ÄĘ[39m Engine revision 4c525dac5e
    [32m‚ÄĘ[39m Dart version 3.12.0
    [32m‚ÄĘ[39m DevTools version 2.57.0
    [32m‚ÄĘ[39m Feature flags: enable-web, enable-linux-desktop, enable-macos-desktop,
      enable-windows-desktop, enable-android, enable-ios, cli-animations,
      enable-native-assets, enable-swift-package-manager,
      omit-legacy-version-file, enable-lldb-debugging, enable-uiscene-migration

[31m[‚úó][39m Android toolchain - develop for Android devices [41ms]
    [31m‚úó[39m Unable to locate Android SDK.
      Install Android Studio from:
      https://developer.android.com/studio/index.html
      On first launch it will assist you in installing the Android SDK
      components.
      (or visit https://flutter.dev/to/linux-android-setup for detailed
      instructions).
      If the Android SDK has been installed to a custom location, please use
      `flutter config --android-sdk` to update to that location.


[32m[‚úď][39m Chrome - develop for the web [19ms]
    [32m‚ÄĘ[39m CHROME_EXECUTABLE = /mnt/c/Program
      Files/Google/Chrome/Application/chrome.exe

[31m[‚úó][39m Linux toolchain - develop for Linux desktop [75ms]
    [31m‚úó[39m clang++ is required for Linux development.
      It is likely available from your distribution (e.g.: apt install clang),
      or can be downloaded from https://releases.llvm.org/
    [31m‚úó[39m CMake is required for Linux development.
      It is likely available from your distribution (e.g.: apt install cmake),
      or can be downloaded from https://cmake.org/download/
    [31m‚úó[39m ninja is required for Linux development.
      It is likely available from your distribution (e.g.: apt install
      ninja-build), or can be downloaded from
      https://github.com/ninja-build/ninja/releases
    [31m‚úó[39m pkg-config is required for Linux development.
      It is likely available from your distribution (e.g.: apt install
      pkg-config), or can be downloaded from
      https://www.freedesktop.org/wiki/Software/pkg-config/

[31m[‚ė†][39m Connected device (the doctor check crashed)
    [31m‚úó[39m Due to an error, the doctor check did not complete. If the error message
      below is not helpful, please let us know about this issue at
      https://github.com/flutter/flutter/issues.
    [31m‚úó[39m Exception: Connected device exceeded maximum allowed duration of
      0:04:30.000000
    [32m‚ÄĘ[39m 

[32m[‚úď][39m Network resources [486ms]
    [32m‚ÄĘ[39m All expected network resources are available.

[33m![39m Doctor found issues in 3 categories.
```
